[
  {
    "line": 1,
    "elements": [
      {
        "start_timestamp": "2024-06-18T08:10:53.836Z",
        "line": 3,
        "name": "Login function with vaild username and vaild password",
        "description": "",
        "id": "login-function;login-function-with-vaild-username-and-vaild-password",
        "type": "scenario",
        "keyword": "Scenario",
        "steps": [
          {
            "result": {
              "error_message": "org.openqa.selenium.NoSuchWindowException: no such window: target window already closed\nfrom unknown error: web view not found\n  (Session info: chrome\u003d125.0.6422.142)\nBuild info: version: \u00274.18.1\u0027, revision: \u0027b1d3319b48\u0027\nSystem info: os.name: \u0027Windows 11\u0027, os.arch: \u0027amd64\u0027, os.version: \u002710.0\u0027, java.version: \u002717.0.11\u0027\nDriver info: org.openqa.selenium.chrome.ChromeDriver\nCommand: [78b1a155877b551d64e44259287ab111, findElement {using\u003dxpath, value\u003d//a[text()\u003d\u0027 Signup / Login\u0027]}]\nCapabilities {acceptInsecureCerts: false, browserName: chrome, browserVersion: 125.0.6422.142, chrome: {chromedriverVersion: 125.0.6422.141 (4b1e8393712..., userDataDir: C:\\Users\\ajith\\AppData\\Loca...}, fedcm:accounts: true, goog:chromeOptions: {debuggerAddress: localhost:4429}, networkConnectionEnabled: false, pageLoadStrategy: normal, platformName: windows, proxy: Proxy(), se:cdp: ws://localhost:4429/devtool..., se:cdpVersion: 125.0.6422.142, setWindowRect: true, strictFileInteractability: false, timeouts: {implicit: 0, pageLoad: 300000, script: 30000}, unhandledPromptBehavior: dismiss and notify, webauthn:extension:credBlob: true, webauthn:extension:largeBlob: true, webauthn:extension:minPinLength: true, webauthn:extension:prf: true, webauthn:virtualAuthenticators: true}\nSession ID: 78b1a155877b551d64e44259287ab111\r\n\tat java.base/jdk.internal.reflect.NativeConstructorAccessorImpl.newInstance0(Native Method)\r\n\tat java.base/jdk.internal.reflect.NativeConstructorAccessorImpl.newInstance(NativeConstructorAccessorImpl.java:77)\r\n\tat java.base/jdk.internal.reflect.DelegatingConstructorAccessorImpl.newInstance(DelegatingConstructorAccessorImpl.java:45)\r\n\tat java.base/java.lang.reflect.Constructor.newInstanceWithCaller(Constructor.java:499)\r\n\tat java.base/java.lang.reflect.Constructor.newInstance(Constructor.java:480)\r\n\tat org.openqa.selenium.remote.ErrorCodec.decode(ErrorCodec.java:167)\r\n\tat org.openqa.selenium.remote.codec.w3c.W3CHttpResponseCodec.decode(W3CHttpResponseCodec.java:138)\r\n\tat org.openqa.selenium.remote.codec.w3c.W3CHttpResponseCodec.decode(W3CHttpResponseCodec.java:50)\r\n\tat org.openqa.selenium.remote.HttpCommandExecutor.execute(HttpCommandExecutor.java:190)\r\n\tat org.openqa.selenium.remote.service.DriverCommandExecutor.invokeExecute(DriverCommandExecutor.java:216)\r\n\tat org.openqa.selenium.remote.service.DriverCommandExecutor.execute(DriverCommandExecutor.java:174)\r\n\tat org.openqa.selenium.remote.RemoteWebDriver.execute(RemoteWebDriver.java:519)\r\n\tat org.openqa.selenium.remote.ElementLocation$ElementFinder$2.findElement(ElementLocation.java:165)\r\n\tat org.openqa.selenium.remote.ElementLocation.findElement(ElementLocation.java:59)\r\n\tat org.openqa.selenium.remote.RemoteWebDriver.findElement(RemoteWebDriver.java:356)\r\n\tat org.openqa.selenium.remote.RemoteWebDriver.findElement(RemoteWebDriver.java:350)\r\n\tat org.stepdefintions.LoginFuntion.config_the_browser_and_open_thr_browser_and_enter_URL(LoginFuntion.java:31)\r\n\tat ✽.Config the browser and open thr browser and enter URL(file:///C:/Users/ajith/eclipse-workspace/CucumberProjects/src/test/resources/Featurefiles/login.feature:5)\r\n",
              "duration": 14217938400,
              "status": "failed"
            },
            "line": 5,
            "name": "Config the browser and open thr browser and enter URL",
            "match": {
              "location": "org.stepdefintions.LoginFuntion.config_the_browser_and_open_thr_browser_and_enter_URL()"
            },
            "keyword": "Given "
          },
          {
            "result": {
              "status": "skipped"
            },
            "line": 7,
            "name": "User Enter the vaild username and vaild password",
            "match": {
              "location": "org.stepdefintions.LoginFuntion.user_Enter_the_vaild_username_and_vaild_password()"
            },
            "keyword": "When "
          },
          {
            "result": {
              "duration": 1479800,
              "status": "skipped"
            },
            "line": 9,
            "name": "click the submit to vilad the scenario",
            "match": {
              "location": "org.stepdefintions.LoginFuntion.click_the_submit_to_vilad_the_scenario()"
            },
            "keyword": "And "
          },
          {
            "result": {
              "status": "skipped"
            },
            "line": 11,
            "name": "Login function got successfull and close the browser",
            "match": {
              "location": "org.stepdefintions.LoginFuntion.login_function_got_successfull()"
            },
            "keyword": "Then "
          }
        ]
      }
    ],
    "name": "Login Function",
    "description": "",
    "id": "login-function",
    "keyword": "Feature",
    "uri": "file:src/test/resources/Featurefiles/login.feature",
    "tags": []
  },
  {
    "line": 1,
    "elements": [
      {
        "start_timestamp": "2024-06-18T08:11:08.164Z",
        "line": 17,
        "name": "Signup Functionality using the data from customers",
        "description": "",
        "id": "signup-function;signup-functionality-using-the-data-from-customers;;2",
        "type": "scenario",
        "keyword": "Scenario Outline",
        "steps": [
          {
            "result": {
              "error_message": "org.openqa.selenium.NoSuchWindowException: no such window: target window already closed\nfrom unknown error: web view not found\n  (Session info: chrome\u003d125.0.6422.142)\nBuild info: version: \u00274.18.1\u0027, revision: \u0027b1d3319b48\u0027\nSystem info: os.name: \u0027Windows 11\u0027, os.arch: \u0027amd64\u0027, os.version: \u002710.0\u0027, java.version: \u002717.0.11\u0027\nDriver info: org.openqa.selenium.chrome.ChromeDriver\nCommand: [1f69ffe77898d8e98b0a1eb4eb8fcf51, findElement {using\u003dxpath, value\u003d//a[text()\u003d\u0027 Signup / Login\u0027]}]\nCapabilities {acceptInsecureCerts: false, browserName: chrome, browserVersion: 125.0.6422.142, chrome: {chromedriverVersion: 125.0.6422.141 (4b1e8393712..., userDataDir: C:\\Users\\ajith\\AppData\\Loca...}, fedcm:accounts: true, goog:chromeOptions: {debuggerAddress: localhost:4466}, networkConnectionEnabled: false, pageLoadStrategy: normal, platformName: windows, proxy: Proxy(), se:cdp: ws://localhost:4466/devtool..., se:cdpVersion: 125.0.6422.142, setWindowRect: true, strictFileInteractability: false, timeouts: {implicit: 0, pageLoad: 300000, script: 30000}, unhandledPromptBehavior: dismiss and notify, webauthn:extension:credBlob: true, webauthn:extension:largeBlob: true, webauthn:extension:minPinLength: true, webauthn:extension:prf: true, webauthn:virtualAuthenticators: true}\nSession ID: 1f69ffe77898d8e98b0a1eb4eb8fcf51\r\n\tat java.base/jdk.internal.reflect.NativeConstructorAccessorImpl.newInstance0(Native Method)\r\n\tat java.base/jdk.internal.reflect.NativeConstructorAccessorImpl.newInstance(NativeConstructorAccessorImpl.java:77)\r\n\tat java.base/jdk.internal.reflect.DelegatingConstructorAccessorImpl.newInstance(DelegatingConstructorAccessorImpl.java:45)\r\n\tat java.base/java.lang.reflect.Constructor.newInstanceWithCaller(Constructor.java:499)\r\n\tat java.base/java.lang.reflect.Constructor.newInstance(Constructor.java:480)\r\n\tat org.openqa.selenium.remote.ErrorCodec.decode(ErrorCodec.java:167)\r\n\tat org.openqa.selenium.remote.codec.w3c.W3CHttpResponseCodec.decode(W3CHttpResponseCodec.java:138)\r\n\tat org.openqa.selenium.remote.codec.w3c.W3CHttpResponseCodec.decode(W3CHttpResponseCodec.java:50)\r\n\tat org.openqa.selenium.remote.HttpCommandExecutor.execute(HttpCommandExecutor.java:190)\r\n\tat org.openqa.selenium.remote.service.DriverCommandExecutor.invokeExecute(DriverCommandExecutor.java:216)\r\n\tat org.openqa.selenium.remote.service.DriverCommandExecutor.execute(DriverCommandExecutor.java:174)\r\n\tat org.openqa.selenium.remote.RemoteWebDriver.execute(RemoteWebDriver.java:519)\r\n\tat org.openqa.selenium.remote.ElementLocation$ElementFinder$2.findElement(ElementLocation.java:165)\r\n\tat org.openqa.selenium.remote.ElementLocation.findElement(ElementLocation.java:59)\r\n\tat org.openqa.selenium.remote.RemoteWebDriver.findElement(RemoteWebDriver.java:356)\r\n\tat org.openqa.selenium.remote.RemoteWebDriver.findElement(RemoteWebDriver.java:350)\r\n\tat org.stepdefintions.SignupFunctions.signup_with_name_and_mailid(SignupFunctions.java:31)\r\n\tat ✽.signup with Name \"vijay\" and Mailid \"Vijay@gmail.com\"(file:///C:/Users/ajith/eclipse-workspace/CucumberProjects/src/test/resources/Featurefiles/signupfunction.feature:5)\r\n",
              "duration": 1600305800,
              "status": "failed"
            },
            "line": 5,
            "name": "signup with Name \"vijay\" and Mailid \"Vijay@gmail.com\"",
            "match": {
              "arguments": [
                {
                  "val": "\"vijay\"",
                  "offset": 17
                },
                {
                  "val": "\"Vijay@gmail.com\"",
                  "offset": 36
                }
              ],
              "location": "org.stepdefintions.SignupFunctions.signup_with_name_and_mailid(java.lang.String,java.lang.String)"
            },
            "keyword": "Given "
          },
          {
            "result": {
              "status": "skipped"
            },
            "line": 7,
            "name": "Enter account information",
            "match": {
              "location": "org.stepdefintions.SignupFunctions.enter_account_information()"
            },
            "keyword": "When "
          },
          {
            "result": {
              "status": "skipped"
            },
            "line": 9,
            "name": "Address Informations",
            "match": {
              "location": "org.stepdefintions.SignupFunctions.address_informations()"
            },
            "keyword": "And "
          },
          {
            "result": {
              "status": "skipped"
            },
            "line": 11,
            "name": "Create the account successfully",
            "match": {
              "location": "org.stepdefintions.SignupFunctions.create_the_account_successfully()"
            },
            "keyword": "Then "
          }
        ]
      },
      {
        "start_timestamp": "2024-06-18T08:11:09.800Z",
        "line": 18,
        "name": "Signup Functionality using the data from customers",
        "description": "",
        "id": "signup-function;signup-functionality-using-the-data-from-customers;;3",
        "type": "scenario",
        "keyword": "Scenario Outline",
        "steps": [
          {
            "result": {
              "error_message": "org.openqa.selenium.NoSuchWindowException: no such window: target window already closed\nfrom unknown error: web view not found\n  (Session info: chrome\u003d125.0.6422.142)\nBuild info: version: \u00274.18.1\u0027, revision: \u0027b1d3319b48\u0027\nSystem info: os.name: \u0027Windows 11\u0027, os.arch: \u0027amd64\u0027, os.version: \u002710.0\u0027, java.version: \u002717.0.11\u0027\nDriver info: org.openqa.selenium.chrome.ChromeDriver\nCommand: [2d988dcc36c7f3b4710e8a87f9c15412, findElement {using\u003dxpath, value\u003d//a[text()\u003d\u0027 Signup / Login\u0027]}]\nCapabilities {acceptInsecureCerts: false, browserName: chrome, browserVersion: 125.0.6422.142, chrome: {chromedriverVersion: 125.0.6422.141 (4b1e8393712..., userDataDir: C:\\Users\\ajith\\AppData\\Loca...}, fedcm:accounts: true, goog:chromeOptions: {debuggerAddress: localhost:4484}, networkConnectionEnabled: false, pageLoadStrategy: normal, platformName: windows, proxy: Proxy(), se:cdp: ws://localhost:4484/devtool..., se:cdpVersion: 125.0.6422.142, setWindowRect: true, strictFileInteractability: false, timeouts: {implicit: 0, pageLoad: 300000, script: 30000}, unhandledPromptBehavior: dismiss and notify, webauthn:extension:credBlob: true, webauthn:extension:largeBlob: true, webauthn:extension:minPinLength: true, webauthn:extension:prf: true, webauthn:virtualAuthenticators: true}\nSession ID: 2d988dcc36c7f3b4710e8a87f9c15412\r\n\tat java.base/jdk.internal.reflect.NativeConstructorAccessorImpl.newInstance0(Native Method)\r\n\tat java.base/jdk.internal.reflect.NativeConstructorAccessorImpl.newInstance(NativeConstructorAccessorImpl.java:77)\r\n\tat java.base/jdk.internal.reflect.DelegatingConstructorAccessorImpl.newInstance(DelegatingConstructorAccessorImpl.java:45)\r\n\tat java.base/java.lang.reflect.Constructor.newInstanceWithCaller(Constructor.java:499)\r\n\tat java.base/java.lang.reflect.Constructor.newInstance(Constructor.java:480)\r\n\tat org.openqa.selenium.remote.ErrorCodec.decode(ErrorCodec.java:167)\r\n\tat org.openqa.selenium.remote.codec.w3c.W3CHttpResponseCodec.decode(W3CHttpResponseCodec.java:138)\r\n\tat org.openqa.selenium.remote.codec.w3c.W3CHttpResponseCodec.decode(W3CHttpResponseCodec.java:50)\r\n\tat org.openqa.selenium.remote.HttpCommandExecutor.execute(HttpCommandExecutor.java:190)\r\n\tat org.openqa.selenium.remote.service.DriverCommandExecutor.invokeExecute(DriverCommandExecutor.java:216)\r\n\tat org.openqa.selenium.remote.service.DriverCommandExecutor.execute(DriverCommandExecutor.java:174)\r\n\tat org.openqa.selenium.remote.RemoteWebDriver.execute(RemoteWebDriver.java:519)\r\n\tat org.openqa.selenium.remote.ElementLocation$ElementFinder$2.findElement(ElementLocation.java:165)\r\n\tat org.openqa.selenium.remote.ElementLocation.findElement(ElementLocation.java:59)\r\n\tat org.openqa.selenium.remote.RemoteWebDriver.findElement(RemoteWebDriver.java:356)\r\n\tat org.openqa.selenium.remote.RemoteWebDriver.findElement(RemoteWebDriver.java:350)\r\n\tat org.stepdefintions.SignupFunctions.signup_with_name_and_mailid(SignupFunctions.java:31)\r\n\tat ✽.signup with Name \"karan\" and Mailid \"karan@gmail.com\"(file:///C:/Users/ajith/eclipse-workspace/CucumberProjects/src/test/resources/Featurefiles/signupfunction.feature:5)\r\n",
              "duration": 1766798500,
              "status": "failed"
            },
            "line": 5,
            "name": "signup with Name \"karan\" and Mailid \"karan@gmail.com\"",
            "match": {
              "arguments": [
                {
                  "val": "\"karan\"",
                  "offset": 17
                },
                {
                  "val": "\"karan@gmail.com\"",
                  "offset": 36
                }
              ],
              "location": "org.stepdefintions.SignupFunctions.signup_with_name_and_mailid(java.lang.String,java.lang.String)"
            },
            "keyword": "Given "
          },
          {
            "result": {
              "status": "skipped"
            },
            "line": 7,
            "name": "Enter account information",
            "match": {
              "location": "org.stepdefintions.SignupFunctions.enter_account_information()"
            },
            "keyword": "When "
          },
          {
            "result": {
              "status": "skipped"
            },
            "line": 9,
            "name": "Address Informations",
            "match": {
              "location": "org.stepdefintions.SignupFunctions.address_informations()"
            },
            "keyword": "And "
          },
          {
            "result": {
              "status": "skipped"
            },
            "line": 11,
            "name": "Create the account successfully",
            "match": {
              "location": "org.stepdefintions.SignupFunctions.create_the_account_successfully()"
            },
            "keyword": "Then "
          }
        ]
      },
      {
        "start_timestamp": "2024-06-18T08:11:11.586Z",
        "line": 19,
        "name": "Signup Functionality using the data from customers",
        "description": "",
        "id": "signup-function;signup-functionality-using-the-data-from-customers;;4",
        "type": "scenario",
        "keyword": "Scenario Outline",
        "steps": [
          {
            "result": {
              "error_message": "org.openqa.selenium.NoSuchWindowException: no such window: target window already closed\nfrom unknown error: web view not found\n  (Session info: chrome\u003d125.0.6422.142)\nBuild info: version: \u00274.18.1\u0027, revision: \u0027b1d3319b48\u0027\nSystem info: os.name: \u0027Windows 11\u0027, os.arch: \u0027amd64\u0027, os.version: \u002710.0\u0027, java.version: \u002717.0.11\u0027\nDriver info: org.openqa.selenium.chrome.ChromeDriver\nCommand: [5b9e8270724ad78a9eb37dd83269a1a4, findElement {using\u003dxpath, value\u003d//a[text()\u003d\u0027 Signup / Login\u0027]}]\nCapabilities {acceptInsecureCerts: false, browserName: chrome, browserVersion: 125.0.6422.142, chrome: {chromedriverVersion: 125.0.6422.141 (4b1e8393712..., userDataDir: C:\\Users\\ajith\\AppData\\Loca...}, fedcm:accounts: true, goog:chromeOptions: {debuggerAddress: localhost:4500}, networkConnectionEnabled: false, pageLoadStrategy: normal, platformName: windows, proxy: Proxy(), se:cdp: ws://localhost:4500/devtool..., se:cdpVersion: 125.0.6422.142, setWindowRect: true, strictFileInteractability: false, timeouts: {implicit: 0, pageLoad: 300000, script: 30000}, unhandledPromptBehavior: dismiss and notify, webauthn:extension:credBlob: true, webauthn:extension:largeBlob: true, webauthn:extension:minPinLength: true, webauthn:extension:prf: true, webauthn:virtualAuthenticators: true}\nSession ID: 5b9e8270724ad78a9eb37dd83269a1a4\r\n\tat java.base/jdk.internal.reflect.NativeConstructorAccessorImpl.newInstance0(Native Method)\r\n\tat java.base/jdk.internal.reflect.NativeConstructorAccessorImpl.newInstance(NativeConstructorAccessorImpl.java:77)\r\n\tat java.base/jdk.internal.reflect.DelegatingConstructorAccessorImpl.newInstance(DelegatingConstructorAccessorImpl.java:45)\r\n\tat java.base/java.lang.reflect.Constructor.newInstanceWithCaller(Constructor.java:499)\r\n\tat java.base/java.lang.reflect.Constructor.newInstance(Constructor.java:480)\r\n\tat org.openqa.selenium.remote.ErrorCodec.decode(ErrorCodec.java:167)\r\n\tat org.openqa.selenium.remote.codec.w3c.W3CHttpResponseCodec.decode(W3CHttpResponseCodec.java:138)\r\n\tat org.openqa.selenium.remote.codec.w3c.W3CHttpResponseCodec.decode(W3CHttpResponseCodec.java:50)\r\n\tat org.openqa.selenium.remote.HttpCommandExecutor.execute(HttpCommandExecutor.java:190)\r\n\tat org.openqa.selenium.remote.service.DriverCommandExecutor.invokeExecute(DriverCommandExecutor.java:216)\r\n\tat org.openqa.selenium.remote.service.DriverCommandExecutor.execute(DriverCommandExecutor.java:174)\r\n\tat org.openqa.selenium.remote.RemoteWebDriver.execute(RemoteWebDriver.java:519)\r\n\tat org.openqa.selenium.remote.ElementLocation$ElementFinder$2.findElement(ElementLocation.java:165)\r\n\tat org.openqa.selenium.remote.ElementLocation.findElement(ElementLocation.java:59)\r\n\tat org.openqa.selenium.remote.RemoteWebDriver.findElement(RemoteWebDriver.java:356)\r\n\tat org.openqa.selenium.remote.RemoteWebDriver.findElement(RemoteWebDriver.java:350)\r\n\tat org.stepdefintions.SignupFunctions.signup_with_name_and_mailid(SignupFunctions.java:31)\r\n\tat ✽.signup with Name \"praveen\" and Mailid \"praveen@gmail.com\"(file:///C:/Users/ajith/eclipse-workspace/CucumberProjects/src/test/resources/Featurefiles/signupfunction.feature:5)\r\n",
              "duration": 1836931000,
              "status": "failed"
            },
            "line": 5,
            "name": "signup with Name \"praveen\" and Mailid \"praveen@gmail.com\"",
            "match": {
              "arguments": [
                {
                  "val": "\"praveen\"",
                  "offset": 17
                },
                {
                  "val": "\"praveen@gmail.com\"",
                  "offset": 38
                }
              ],
              "location": "org.stepdefintions.SignupFunctions.signup_with_name_and_mailid(java.lang.String,java.lang.String)"
            },
            "keyword": "Given "
          },
          {
            "result": {
              "status": "skipped"
            },
            "line": 7,
            "name": "Enter account information",
            "match": {
              "location": "org.stepdefintions.SignupFunctions.enter_account_information()"
            },
            "keyword": "When "
          },
          {
            "result": {
              "status": "skipped"
            },
            "line": 9,
            "name": "Address Informations",
            "match": {
              "location": "org.stepdefintions.SignupFunctions.address_informations()"
            },
            "keyword": "And "
          },
          {
            "result": {
              "duration": 1000800,
              "status": "skipped"
            },
            "line": 11,
            "name": "Create the account successfully",
            "match": {
              "location": "org.stepdefintions.SignupFunctions.create_the_account_successfully()"
            },
            "keyword": "Then "
          }
        ]
      }
    ],
    "name": "Signup Function",
    "description": "",
    "id": "signup-function",
    "keyword": "Feature",
    "uri": "file:src/test/resources/Featurefiles/signupfunction.feature",
    "tags": []
  }
]